17:11:16.070 [main] INFO  api.test.UserTest {36} - ************* Creating User ************* 
17:11:20.967 [main] INFO  api.test.UserTest {36} - *************  User Created ************* 
17:11:20.984 [main] INFO  api.test.UserTest {36} - *************  Getting User by name ************* 
17:11:22.083 [main] INFO  api.test.UserTest {36} - *************  got the User by name ************* 
17:11:22.088 [main] INFO  api.test.UserTest {36} - *************  Updating the user by name ************* 
17:11:24.318 [main] INFO  api.test.UserTest {36} - *************  Updated the user by name ************* 
17:11:24.321 [main] INFO  api.test.UserTest {36} - *************  Deleting the user by name ************* 
17:11:25.380 [main] INFO  api.test.UserTest {36} - *************  Deleted the user by name ************* 
17:13:20.824 [main] INFO  api.test.UserTest {36} - ************* Creating User ************* 
17:13:25.125 [main] INFO  api.test.UserTest {36} - *************  User Created ************* 
17:13:25.126 [main] DEBUG api.test.UserTest {36} - Debuging....
17:13:25.149 [main] INFO  api.test.UserTest {36} - *************  Getting User by name ************* 
17:13:26.239 [main] INFO  api.test.UserTest {36} - *************  got the User by name ************* 
17:13:26.243 [main] INFO  api.test.UserTest {36} - *************  Updating the user by name ************* 
17:13:28.426 [main] INFO  api.test.UserTest {36} - *************  Updated the user by name ************* 
17:13:28.429 [main] INFO  api.test.UserTest {36} - *************  Deleting the user by name ************* 
17:13:29.532 [main] INFO  api.test.UserTest {36} - *************  Deleted the user by name ************* 
18:07:22.352 [main] INFO  api.test.UserTest2 {36} - ************* Creating User ************* 
18:07:26.369 [main] INFO  api.test.UserTest2 {36} - *************  User Created ************* 
18:07:26.369 [main] DEBUG api.test.UserTest2 {36} - Debuging....
18:07:26.389 [main] INFO  api.test.UserTest2 {36} - *************  Getting User by name ************* 
18:07:27.512 [main] INFO  api.test.UserTest2 {36} - *************  got the User by name ************* 
18:07:27.517 [main] INFO  api.test.UserTest2 {36} - *************  Updating the user by name ************* 
18:09:43.501 [main] INFO  api.test.UserTest2 {36} - ************* Creating User ************* 
18:09:48.127 [main] INFO  api.test.UserTest2 {36} - *************  User Created ************* 
18:09:48.127 [main] DEBUG api.test.UserTest2 {36} - Debuging....
18:09:48.156 [main] INFO  api.test.UserTest2 {36} - *************  Getting User by name ************* 
18:09:49.288 [main] INFO  api.test.UserTest2 {36} - *************  got the User by name ************* 
18:09:49.294 [main] INFO  api.test.UserTest2 {36} - *************  Updating the user by name ************* 
18:17:28.318 [main] INFO  api.test.UserTest2 {36} - ************* Creating User ************* 
18:17:32.508 [main] INFO  api.test.UserTest2 {36} - *************  User Created ************* 
18:17:32.508 [main] DEBUG api.test.UserTest2 {36} - Debuging....
18:17:32.528 [main] INFO  api.test.UserTest2 {36} - *************  Getting User by name ************* 
18:17:33.616 [main] INFO  api.test.UserTest2 {36} - *************  got the User by name ************* 
18:17:33.619 [main] INFO  api.test.UserTest2 {36} - *************  Updating the user by name ************* 
18:17:36.138 [main] INFO  api.test.UserTest2 {36} - *************  Updated the user by name ************* 
18:17:36.144 [main] INFO  api.test.UserTest2 {36} - *************  Deleting the user by name ************* 
18:17:37.283 [main] INFO  api.test.UserTest2 {36} - *************  Deleted the user by name ************* 
19:21:51.822 [main] DEBUG org.apache.poi.openxml4j.opc.PackageRelationshipCollection {36} - Parsing relationship: /xl/_rels/workbook.xml.rels
19:21:51.834 [main] DEBUG org.apache.poi.openxml4j.opc.PackageRelationshipCollection {36} - Parsing relationship: /xl/worksheets/_rels/sheet1.xml.rels
19:21:51.839 [main] DEBUG org.apache.poi.openxml4j.opc.PackageRelationshipCollection {36} - Parsing relationship: /_rels/.rels
19:21:53.077 [main] DEBUG org.apache.poi.ooxml.POIXMLFactory {36} - using default POIXMLDocumentPart for http://schemas.openxmlformats.org/officeDocument/2006/relationships/printerSettings
19:21:53.384 [main] DEBUG org.apache.poi.openxml4j.opc.PackageRelationshipCollection {36} - Parsing relationship: /xl/_rels/workbook.xml.rels
19:21:53.388 [main] DEBUG org.apache.poi.openxml4j.opc.PackageRelationshipCollection {36} - Parsing relationship: /xl/worksheets/_rels/sheet1.xml.rels
19:21:53.393 [main] DEBUG org.apache.poi.openxml4j.opc.PackageRelationshipCollection {36} - Parsing relationship: /_rels/.rels
19:21:53.441 [main] DEBUG org.apache.poi.ooxml.POIXMLFactory {36} - using default POIXMLDocumentPart for http://schemas.openxmlformats.org/officeDocument/2006/relationships/printerSettings
19:21:53.513 [main] DEBUG org.apache.poi.openxml4j.opc.PackageRelationshipCollection {36} - Parsing relationship: /xl/_rels/workbook.xml.rels
19:21:53.520 [main] DEBUG org.apache.poi.openxml4j.opc.PackageRelationshipCollection {36} - Parsing relationship: /xl/worksheets/_rels/sheet1.xml.rels
19:21:53.524 [main] DEBUG org.apache.poi.openxml4j.opc.PackageRelationshipCollection {36} - Parsing relationship: /_rels/.rels
19:21:53.561 [main] DEBUG org.apache.poi.ooxml.POIXMLFactory {36} - using default POIXMLDocumentPart for http://schemas.openxmlformats.org/officeDocument/2006/relationships/printerSettings
19:21:53.708 [main] DEBUG org.apache.poi.openxml4j.opc.PackageRelationshipCollection {36} - Parsing relationship: /xl/_rels/workbook.xml.rels
19:21:53.711 [main] DEBUG org.apache.poi.openxml4j.opc.PackageRelationshipCollection {36} - Parsing relationship: /xl/worksheets/_rels/sheet1.xml.rels
19:21:53.713 [main] DEBUG org.apache.poi.openxml4j.opc.PackageRelationshipCollection {36} - Parsing relationship: /_rels/.rels
19:21:53.751 [main] DEBUG org.apache.poi.ooxml.POIXMLFactory {36} - using default POIXMLDocumentPart for http://schemas.openxmlformats.org/officeDocument/2006/relationships/printerSettings
19:21:53.806 [main] DEBUG org.apache.poi.openxml4j.opc.PackageRelationshipCollection {36} - Parsing relationship: /xl/_rels/workbook.xml.rels
19:21:53.809 [main] DEBUG org.apache.poi.openxml4j.opc.PackageRelationshipCollection {36} - Parsing relationship: /xl/worksheets/_rels/sheet1.xml.rels
19:21:53.812 [main] DEBUG org.apache.poi.openxml4j.opc.PackageRelationshipCollection {36} - Parsing relationship: /_rels/.rels
19:21:53.839 [main] DEBUG org.apache.poi.ooxml.POIXMLFactory {36} - using default POIXMLDocumentPart for http://schemas.openxmlformats.org/officeDocument/2006/relationships/printerSettings
19:21:53.876 [main] DEBUG org.apache.poi.openxml4j.opc.PackageRelationshipCollection {36} - Parsing relationship: /xl/_rels/workbook.xml.rels
19:21:53.878 [main] DEBUG org.apache.poi.openxml4j.opc.PackageRelationshipCollection {36} - Parsing relationship: /xl/worksheets/_rels/sheet1.xml.rels
19:21:53.881 [main] DEBUG org.apache.poi.openxml4j.opc.PackageRelationshipCollection {36} - Parsing relationship: /_rels/.rels
19:21:53.910 [main] DEBUG org.apache.poi.ooxml.POIXMLFactory {36} - using default POIXMLDocumentPart for http://schemas.openxmlformats.org/officeDocument/2006/relationships/printerSettings
19:21:53.948 [main] DEBUG org.apache.poi.openxml4j.opc.PackageRelationshipCollection {36} - Parsing relationship: /xl/_rels/workbook.xml.rels
19:21:53.950 [main] DEBUG org.apache.poi.openxml4j.opc.PackageRelationshipCollection {36} - Parsing relationship: /xl/worksheets/_rels/sheet1.xml.rels
19:21:53.953 [main] DEBUG org.apache.poi.openxml4j.opc.PackageRelationshipCollection {36} - Parsing relationship: /_rels/.rels
19:21:53.978 [main] DEBUG org.apache.poi.ooxml.POIXMLFactory {36} - using default POIXMLDocumentPart for http://schemas.openxmlformats.org/officeDocument/2006/relationships/printerSettings
19:21:54.018 [main] DEBUG org.apache.poi.openxml4j.opc.PackageRelationshipCollection {36} - Parsing relationship: /xl/_rels/workbook.xml.rels
19:21:54.022 [main] DEBUG org.apache.poi.openxml4j.opc.PackageRelationshipCollection {36} - Parsing relationship: /xl/worksheets/_rels/sheet1.xml.rels
19:21:54.024 [main] DEBUG org.apache.poi.openxml4j.opc.PackageRelationshipCollection {36} - Parsing relationship: /_rels/.rels
19:21:54.063 [main] DEBUG org.apache.poi.ooxml.POIXMLFactory {36} - using default POIXMLDocumentPart for http://schemas.openxmlformats.org/officeDocument/2006/relationships/printerSettings
19:21:54.111 [main] DEBUG org.apache.poi.openxml4j.opc.PackageRelationshipCollection {36} - Parsing relationship: /xl/_rels/workbook.xml.rels
19:21:54.114 [main] DEBUG org.apache.poi.openxml4j.opc.PackageRelationshipCollection {36} - Parsing relationship: /xl/worksheets/_rels/sheet1.xml.rels
19:21:54.116 [main] DEBUG org.apache.poi.openxml4j.opc.PackageRelationshipCollection {36} - Parsing relationship: /_rels/.rels
19:21:54.151 [main] DEBUG org.apache.poi.ooxml.POIXMLFactory {36} - using default POIXMLDocumentPart for http://schemas.openxmlformats.org/officeDocument/2006/relationships/printerSettings
19:21:54.194 [main] DEBUG org.apache.poi.openxml4j.opc.PackageRelationshipCollection {36} - Parsing relationship: /xl/_rels/workbook.xml.rels
19:21:54.196 [main] DEBUG org.apache.poi.openxml4j.opc.PackageRelationshipCollection {36} - Parsing relationship: /xl/worksheets/_rels/sheet1.xml.rels
19:21:54.199 [main] DEBUG org.apache.poi.openxml4j.opc.PackageRelationshipCollection {36} - Parsing relationship: /_rels/.rels
19:21:54.230 [main] DEBUG org.apache.poi.ooxml.POIXMLFactory {36} - using default POIXMLDocumentPart for http://schemas.openxmlformats.org/officeDocument/2006/relationships/printerSettings
19:21:54.271 [main] DEBUG org.apache.poi.openxml4j.opc.PackageRelationshipCollection {36} - Parsing relationship: /xl/_rels/workbook.xml.rels
19:21:54.273 [main] DEBUG org.apache.poi.openxml4j.opc.PackageRelationshipCollection {36} - Parsing relationship: /xl/worksheets/_rels/sheet1.xml.rels
19:21:54.275 [main] DEBUG org.apache.poi.openxml4j.opc.PackageRelationshipCollection {36} - Parsing relationship: /_rels/.rels
19:21:54.301 [main] DEBUG org.apache.poi.ooxml.POIXMLFactory {36} - using default POIXMLDocumentPart for http://schemas.openxmlformats.org/officeDocument/2006/relationships/printerSettings
19:21:54.332 [main] DEBUG org.apache.poi.openxml4j.opc.PackageRelationshipCollection {36} - Parsing relationship: /xl/_rels/workbook.xml.rels
19:21:54.334 [main] DEBUG org.apache.poi.openxml4j.opc.PackageRelationshipCollection {36} - Parsing relationship: /xl/worksheets/_rels/sheet1.xml.rels
19:21:54.336 [main] DEBUG org.apache.poi.openxml4j.opc.PackageRelationshipCollection {36} - Parsing relationship: /_rels/.rels
19:21:54.361 [main] DEBUG org.apache.poi.ooxml.POIXMLFactory {36} - using default POIXMLDocumentPart for http://schemas.openxmlformats.org/officeDocument/2006/relationships/printerSettings
19:21:54.391 [main] DEBUG org.apache.poi.openxml4j.opc.PackageRelationshipCollection {36} - Parsing relationship: /xl/_rels/workbook.xml.rels
19:21:54.393 [main] DEBUG org.apache.poi.openxml4j.opc.PackageRelationshipCollection {36} - Parsing relationship: /xl/worksheets/_rels/sheet1.xml.rels
19:21:54.395 [main] DEBUG org.apache.poi.openxml4j.opc.PackageRelationshipCollection {36} - Parsing relationship: /_rels/.rels
19:21:54.420 [main] DEBUG org.apache.poi.ooxml.POIXMLFactory {36} - using default POIXMLDocumentPart for http://schemas.openxmlformats.org/officeDocument/2006/relationships/printerSettings
19:21:54.452 [main] DEBUG org.apache.poi.openxml4j.opc.PackageRelationshipCollection {36} - Parsing relationship: /xl/_rels/workbook.xml.rels
19:21:54.454 [main] DEBUG org.apache.poi.openxml4j.opc.PackageRelationshipCollection {36} - Parsing relationship: /xl/worksheets/_rels/sheet1.xml.rels
19:21:54.456 [main] DEBUG org.apache.poi.openxml4j.opc.PackageRelationshipCollection {36} - Parsing relationship: /_rels/.rels
19:21:54.478 [main] DEBUG org.apache.poi.ooxml.POIXMLFactory {36} - using default POIXMLDocumentPart for http://schemas.openxmlformats.org/officeDocument/2006/relationships/printerSettings
19:21:54.508 [main] DEBUG org.apache.poi.openxml4j.opc.PackageRelationshipCollection {36} - Parsing relationship: /xl/_rels/workbook.xml.rels
19:21:54.509 [main] DEBUG org.apache.poi.openxml4j.opc.PackageRelationshipCollection {36} - Parsing relationship: /xl/worksheets/_rels/sheet1.xml.rels
19:21:54.511 [main] DEBUG org.apache.poi.openxml4j.opc.PackageRelationshipCollection {36} - Parsing relationship: /_rels/.rels
19:21:54.534 [main] DEBUG org.apache.poi.ooxml.POIXMLFactory {36} - using default POIXMLDocumentPart for http://schemas.openxmlformats.org/officeDocument/2006/relationships/printerSettings
19:21:54.574 [main] DEBUG org.apache.poi.openxml4j.opc.PackageRelationshipCollection {36} - Parsing relationship: /xl/_rels/workbook.xml.rels
19:21:54.575 [main] DEBUG org.apache.poi.openxml4j.opc.PackageRelationshipCollection {36} - Parsing relationship: /xl/worksheets/_rels/sheet1.xml.rels
19:21:54.578 [main] DEBUG org.apache.poi.openxml4j.opc.PackageRelationshipCollection {36} - Parsing relationship: /_rels/.rels
19:21:54.605 [main] DEBUG org.apache.poi.ooxml.POIXMLFactory {36} - using default POIXMLDocumentPart for http://schemas.openxmlformats.org/officeDocument/2006/relationships/printerSettings
19:21:54.640 [main] DEBUG org.apache.poi.openxml4j.opc.PackageRelationshipCollection {36} - Parsing relationship: /xl/_rels/workbook.xml.rels
19:21:54.642 [main] DEBUG org.apache.poi.openxml4j.opc.PackageRelationshipCollection {36} - Parsing relationship: /xl/worksheets/_rels/sheet1.xml.rels
19:21:54.644 [main] DEBUG org.apache.poi.openxml4j.opc.PackageRelationshipCollection {36} - Parsing relationship: /_rels/.rels
19:21:54.660 [main] DEBUG org.apache.poi.ooxml.POIXMLFactory {36} - using default POIXMLDocumentPart for http://schemas.openxmlformats.org/officeDocument/2006/relationships/printerSettings
19:21:54.706 [main] DEBUG org.apache.poi.openxml4j.opc.PackageRelationshipCollection {36} - Parsing relationship: /xl/_rels/workbook.xml.rels
19:21:54.707 [main] DEBUG org.apache.poi.openxml4j.opc.PackageRelationshipCollection {36} - Parsing relationship: /xl/worksheets/_rels/sheet1.xml.rels
19:21:54.708 [main] DEBUG org.apache.poi.openxml4j.opc.PackageRelationshipCollection {36} - Parsing relationship: /_rels/.rels
19:21:54.725 [main] DEBUG org.apache.poi.ooxml.POIXMLFactory {36} - using default POIXMLDocumentPart for http://schemas.openxmlformats.org/officeDocument/2006/relationships/printerSettings
19:21:54.763 [main] DEBUG org.apache.poi.openxml4j.opc.PackageRelationshipCollection {36} - Parsing relationship: /xl/_rels/workbook.xml.rels
19:21:54.770 [main] DEBUG org.apache.poi.openxml4j.opc.PackageRelationshipCollection {36} - Parsing relationship: /xl/worksheets/_rels/sheet1.xml.rels
19:21:54.772 [main] DEBUG org.apache.poi.openxml4j.opc.PackageRelationshipCollection {36} - Parsing relationship: /_rels/.rels
19:21:54.796 [main] DEBUG org.apache.poi.ooxml.POIXMLFactory {36} - using default POIXMLDocumentPart for http://schemas.openxmlformats.org/officeDocument/2006/relationships/printerSettings
19:21:54.821 [main] DEBUG org.apache.poi.openxml4j.opc.PackageRelationshipCollection {36} - Parsing relationship: /xl/_rels/workbook.xml.rels
19:21:54.823 [main] DEBUG org.apache.poi.openxml4j.opc.PackageRelationshipCollection {36} - Parsing relationship: /xl/worksheets/_rels/sheet1.xml.rels
19:21:54.824 [main] DEBUG org.apache.poi.openxml4j.opc.PackageRelationshipCollection {36} - Parsing relationship: /_rels/.rels
19:21:54.840 [main] DEBUG org.apache.poi.ooxml.POIXMLFactory {36} - using default POIXMLDocumentPart for http://schemas.openxmlformats.org/officeDocument/2006/relationships/printerSettings
19:21:54.862 [main] DEBUG org.apache.poi.openxml4j.opc.PackageRelationshipCollection {36} - Parsing relationship: /xl/_rels/workbook.xml.rels
19:21:54.863 [main] DEBUG org.apache.poi.openxml4j.opc.PackageRelationshipCollection {36} - Parsing relationship: /xl/worksheets/_rels/sheet1.xml.rels
19:21:54.864 [main] DEBUG org.apache.poi.openxml4j.opc.PackageRelationshipCollection {36} - Parsing relationship: /_rels/.rels
19:21:54.880 [main] DEBUG org.apache.poi.ooxml.POIXMLFactory {36} - using default POIXMLDocumentPart for http://schemas.openxmlformats.org/officeDocument/2006/relationships/printerSettings
19:21:54.902 [main] DEBUG org.apache.poi.openxml4j.opc.PackageRelationshipCollection {36} - Parsing relationship: /xl/_rels/workbook.xml.rels
19:21:54.904 [main] DEBUG org.apache.poi.openxml4j.opc.PackageRelationshipCollection {36} - Parsing relationship: /xl/worksheets/_rels/sheet1.xml.rels
19:21:54.905 [main] DEBUG org.apache.poi.openxml4j.opc.PackageRelationshipCollection {36} - Parsing relationship: /_rels/.rels
19:21:54.920 [main] DEBUG org.apache.poi.ooxml.POIXMLFactory {36} - using default POIXMLDocumentPart for http://schemas.openxmlformats.org/officeDocument/2006/relationships/printerSettings
19:21:54.940 [main] DEBUG org.apache.poi.openxml4j.opc.PackageRelationshipCollection {36} - Parsing relationship: /xl/_rels/workbook.xml.rels
19:21:54.942 [main] DEBUG org.apache.poi.openxml4j.opc.PackageRelationshipCollection {36} - Parsing relationship: /xl/worksheets/_rels/sheet1.xml.rels
19:21:54.943 [main] DEBUG org.apache.poi.openxml4j.opc.PackageRelationshipCollection {36} - Parsing relationship: /_rels/.rels
19:21:54.956 [main] DEBUG org.apache.poi.ooxml.POIXMLFactory {36} - using default POIXMLDocumentPart for http://schemas.openxmlformats.org/officeDocument/2006/relationships/printerSettings
19:22:02.380 [main] DEBUG org.apache.poi.openxml4j.opc.PackageRelationshipCollection {36} - Parsing relationship: /xl/_rels/workbook.xml.rels
19:22:02.381 [main] DEBUG org.apache.poi.openxml4j.opc.PackageRelationshipCollection {36} - Parsing relationship: /xl/worksheets/_rels/sheet1.xml.rels
19:22:02.381 [main] DEBUG org.apache.poi.openxml4j.opc.PackageRelationshipCollection {36} - Parsing relationship: /_rels/.rels
19:22:02.388 [main] DEBUG org.apache.poi.ooxml.POIXMLFactory {36} - using default POIXMLDocumentPart for http://schemas.openxmlformats.org/officeDocument/2006/relationships/printerSettings
19:22:02.403 [main] DEBUG org.apache.poi.openxml4j.opc.PackageRelationshipCollection {36} - Parsing relationship: /xl/_rels/workbook.xml.rels
19:22:02.404 [main] DEBUG org.apache.poi.openxml4j.opc.PackageRelationshipCollection {36} - Parsing relationship: /xl/worksheets/_rels/sheet1.xml.rels
19:22:02.405 [main] DEBUG org.apache.poi.openxml4j.opc.PackageRelationshipCollection {36} - Parsing relationship: /_rels/.rels
19:22:02.417 [main] DEBUG org.apache.poi.ooxml.POIXMLFactory {36} - using default POIXMLDocumentPart for http://schemas.openxmlformats.org/officeDocument/2006/relationships/printerSettings
19:22:02.434 [main] DEBUG org.apache.poi.openxml4j.opc.PackageRelationshipCollection {36} - Parsing relationship: /xl/_rels/workbook.xml.rels
19:22:02.435 [main] DEBUG org.apache.poi.openxml4j.opc.PackageRelationshipCollection {36} - Parsing relationship: /xl/worksheets/_rels/sheet1.xml.rels
19:22:02.435 [main] DEBUG org.apache.poi.openxml4j.opc.PackageRelationshipCollection {36} - Parsing relationship: /_rels/.rels
19:22:02.451 [main] DEBUG org.apache.poi.ooxml.POIXMLFactory {36} - using default POIXMLDocumentPart for http://schemas.openxmlformats.org/officeDocument/2006/relationships/printerSettings
19:22:02.462 [main] DEBUG org.apache.poi.openxml4j.opc.PackageRelationshipCollection {36} - Parsing relationship: /xl/_rels/workbook.xml.rels
19:22:02.463 [main] DEBUG org.apache.poi.openxml4j.opc.PackageRelationshipCollection {36} - Parsing relationship: /xl/worksheets/_rels/sheet1.xml.rels
19:22:02.464 [main] DEBUG org.apache.poi.openxml4j.opc.PackageRelationshipCollection {36} - Parsing relationship: /_rels/.rels
19:22:02.479 [main] DEBUG org.apache.poi.ooxml.POIXMLFactory {36} - using default POIXMLDocumentPart for http://schemas.openxmlformats.org/officeDocument/2006/relationships/printerSettings
19:22:06.170 [main] INFO  api.test.UserTest {36} - ************* Creating User ************* 
19:22:07.382 [main] INFO  api.test.UserTest {36} - *************  User Created ************* 
19:22:07.382 [main] DEBUG api.test.UserTest {36} - Debuging....
19:22:07.384 [main] INFO  api.test.UserTest {36} - *************  Getting User by name ************* 
19:22:08.508 [main] INFO  api.test.UserTest {36} - *************  got the User by name ************* 
19:22:08.510 [main] INFO  api.test.UserTest {36} - *************  Updating the user by name ************* 
19:22:10.801 [main] INFO  api.test.UserTest {36} - *************  Updated the user by name ************* 
19:22:10.803 [main] INFO  api.test.UserTest {36} - *************  Deleting the user by name ************* 
19:22:11.889 [main] INFO  api.test.UserTest {36} - *************  Deleted the user by name ************* 
19:25:14.390 [main] DEBUG org.apache.poi.openxml4j.opc.PackageRelationshipCollection {36} - Parsing relationship: /xl/_rels/workbook.xml.rels
19:25:14.400 [main] DEBUG org.apache.poi.openxml4j.opc.PackageRelationshipCollection {36} - Parsing relationship: /xl/worksheets/_rels/sheet1.xml.rels
19:25:14.404 [main] DEBUG org.apache.poi.openxml4j.opc.PackageRelationshipCollection {36} - Parsing relationship: /_rels/.rels
19:25:15.077 [main] DEBUG org.apache.poi.ooxml.POIXMLFactory {36} - using default POIXMLDocumentPart for http://schemas.openxmlformats.org/officeDocument/2006/relationships/printerSettings
19:25:15.247 [main] DEBUG org.apache.poi.openxml4j.opc.PackageRelationshipCollection {36} - Parsing relationship: /xl/_rels/workbook.xml.rels
19:25:15.249 [main] DEBUG org.apache.poi.openxml4j.opc.PackageRelationshipCollection {36} - Parsing relationship: /xl/worksheets/_rels/sheet1.xml.rels
19:25:15.252 [main] DEBUG org.apache.poi.openxml4j.opc.PackageRelationshipCollection {36} - Parsing relationship: /_rels/.rels
19:25:15.282 [main] DEBUG org.apache.poi.ooxml.POIXMLFactory {36} - using default POIXMLDocumentPart for http://schemas.openxmlformats.org/officeDocument/2006/relationships/printerSettings
19:25:15.317 [main] DEBUG org.apache.poi.openxml4j.opc.PackageRelationshipCollection {36} - Parsing relationship: /xl/_rels/workbook.xml.rels
19:25:15.318 [main] DEBUG org.apache.poi.openxml4j.opc.PackageRelationshipCollection {36} - Parsing relationship: /xl/worksheets/_rels/sheet1.xml.rels
19:25:15.324 [main] DEBUG org.apache.poi.openxml4j.opc.PackageRelationshipCollection {36} - Parsing relationship: /_rels/.rels
19:25:15.344 [main] DEBUG org.apache.poi.ooxml.POIXMLFactory {36} - using default POIXMLDocumentPart for http://schemas.openxmlformats.org/officeDocument/2006/relationships/printerSettings
19:25:15.416 [main] DEBUG org.apache.poi.openxml4j.opc.PackageRelationshipCollection {36} - Parsing relationship: /xl/_rels/workbook.xml.rels
19:25:15.418 [main] DEBUG org.apache.poi.openxml4j.opc.PackageRelationshipCollection {36} - Parsing relationship: /xl/worksheets/_rels/sheet1.xml.rels
19:25:15.420 [main] DEBUG org.apache.poi.openxml4j.opc.PackageRelationshipCollection {36} - Parsing relationship: /_rels/.rels
19:25:15.445 [main] DEBUG org.apache.poi.ooxml.POIXMLFactory {36} - using default POIXMLDocumentPart for http://schemas.openxmlformats.org/officeDocument/2006/relationships/printerSettings
19:25:15.478 [main] DEBUG org.apache.poi.openxml4j.opc.PackageRelationshipCollection {36} - Parsing relationship: /xl/_rels/workbook.xml.rels
19:25:15.480 [main] DEBUG org.apache.poi.openxml4j.opc.PackageRelationshipCollection {36} - Parsing relationship: /xl/worksheets/_rels/sheet1.xml.rels
19:25:15.482 [main] DEBUG org.apache.poi.openxml4j.opc.PackageRelationshipCollection {36} - Parsing relationship: /_rels/.rels
19:25:15.502 [main] DEBUG org.apache.poi.ooxml.POIXMLFactory {36} - using default POIXMLDocumentPart for http://schemas.openxmlformats.org/officeDocument/2006/relationships/printerSettings
19:25:15.528 [main] DEBUG org.apache.poi.openxml4j.opc.PackageRelationshipCollection {36} - Parsing relationship: /xl/_rels/workbook.xml.rels
19:25:15.529 [main] DEBUG org.apache.poi.openxml4j.opc.PackageRelationshipCollection {36} - Parsing relationship: /xl/worksheets/_rels/sheet1.xml.rels
19:25:15.531 [main] DEBUG org.apache.poi.openxml4j.opc.PackageRelationshipCollection {36} - Parsing relationship: /_rels/.rels
19:25:15.551 [main] DEBUG org.apache.poi.ooxml.POIXMLFactory {36} - using default POIXMLDocumentPart for http://schemas.openxmlformats.org/officeDocument/2006/relationships/printerSettings
19:25:15.575 [main] DEBUG org.apache.poi.openxml4j.opc.PackageRelationshipCollection {36} - Parsing relationship: /xl/_rels/workbook.xml.rels
19:25:15.576 [main] DEBUG org.apache.poi.openxml4j.opc.PackageRelationshipCollection {36} - Parsing relationship: /xl/worksheets/_rels/sheet1.xml.rels
19:25:15.578 [main] DEBUG org.apache.poi.openxml4j.opc.PackageRelationshipCollection {36} - Parsing relationship: /_rels/.rels
19:25:15.595 [main] DEBUG org.apache.poi.ooxml.POIXMLFactory {36} - using default POIXMLDocumentPart for http://schemas.openxmlformats.org/officeDocument/2006/relationships/printerSettings
19:25:15.620 [main] DEBUG org.apache.poi.openxml4j.opc.PackageRelationshipCollection {36} - Parsing relationship: /xl/_rels/workbook.xml.rels
19:25:15.621 [main] DEBUG org.apache.poi.openxml4j.opc.PackageRelationshipCollection {36} - Parsing relationship: /xl/worksheets/_rels/sheet1.xml.rels
19:25:15.623 [main] DEBUG org.apache.poi.openxml4j.opc.PackageRelationshipCollection {36} - Parsing relationship: /_rels/.rels
19:25:15.644 [main] DEBUG org.apache.poi.ooxml.POIXMLFactory {36} - using default POIXMLDocumentPart for http://schemas.openxmlformats.org/officeDocument/2006/relationships/printerSettings
19:25:15.663 [main] DEBUG org.apache.poi.openxml4j.opc.PackageRelationshipCollection {36} - Parsing relationship: /xl/_rels/workbook.xml.rels
19:25:15.664 [main] DEBUG org.apache.poi.openxml4j.opc.PackageRelationshipCollection {36} - Parsing relationship: /xl/worksheets/_rels/sheet1.xml.rels
19:25:15.666 [main] DEBUG org.apache.poi.openxml4j.opc.PackageRelationshipCollection {36} - Parsing relationship: /_rels/.rels
19:25:15.683 [main] DEBUG org.apache.poi.ooxml.POIXMLFactory {36} - using default POIXMLDocumentPart for http://schemas.openxmlformats.org/officeDocument/2006/relationships/printerSettings
19:25:15.700 [main] DEBUG org.apache.poi.openxml4j.opc.PackageRelationshipCollection {36} - Parsing relationship: /xl/_rels/workbook.xml.rels
19:25:15.701 [main] DEBUG org.apache.poi.openxml4j.opc.PackageRelationshipCollection {36} - Parsing relationship: /xl/worksheets/_rels/sheet1.xml.rels
19:25:15.705 [main] DEBUG org.apache.poi.openxml4j.opc.PackageRelationshipCollection {36} - Parsing relationship: /_rels/.rels
19:25:15.719 [main] DEBUG org.apache.poi.ooxml.POIXMLFactory {36} - using default POIXMLDocumentPart for http://schemas.openxmlformats.org/officeDocument/2006/relationships/printerSettings
19:25:15.739 [main] DEBUG org.apache.poi.openxml4j.opc.PackageRelationshipCollection {36} - Parsing relationship: /xl/_rels/workbook.xml.rels
19:25:15.740 [main] DEBUG org.apache.poi.openxml4j.opc.PackageRelationshipCollection {36} - Parsing relationship: /xl/worksheets/_rels/sheet1.xml.rels
19:25:15.743 [main] DEBUG org.apache.poi.openxml4j.opc.PackageRelationshipCollection {36} - Parsing relationship: /_rels/.rels
19:25:15.759 [main] DEBUG org.apache.poi.ooxml.POIXMLFactory {36} - using default POIXMLDocumentPart for http://schemas.openxmlformats.org/officeDocument/2006/relationships/printerSettings
19:25:15.780 [main] DEBUG org.apache.poi.openxml4j.opc.PackageRelationshipCollection {36} - Parsing relationship: /xl/_rels/workbook.xml.rels
19:25:15.781 [main] DEBUG org.apache.poi.openxml4j.opc.PackageRelationshipCollection {36} - Parsing relationship: /xl/worksheets/_rels/sheet1.xml.rels
19:25:15.783 [main] DEBUG org.apache.poi.openxml4j.opc.PackageRelationshipCollection {36} - Parsing relationship: /_rels/.rels
19:25:15.799 [main] DEBUG org.apache.poi.ooxml.POIXMLFactory {36} - using default POIXMLDocumentPart for http://schemas.openxmlformats.org/officeDocument/2006/relationships/printerSettings
19:25:15.823 [main] DEBUG org.apache.poi.openxml4j.opc.PackageRelationshipCollection {36} - Parsing relationship: /xl/_rels/workbook.xml.rels
19:25:15.824 [main] DEBUG org.apache.poi.openxml4j.opc.PackageRelationshipCollection {36} - Parsing relationship: /xl/worksheets/_rels/sheet1.xml.rels
19:25:15.826 [main] DEBUG org.apache.poi.openxml4j.opc.PackageRelationshipCollection {36} - Parsing relationship: /_rels/.rels
19:25:15.843 [main] DEBUG org.apache.poi.ooxml.POIXMLFactory {36} - using default POIXMLDocumentPart for http://schemas.openxmlformats.org/officeDocument/2006/relationships/printerSettings
19:25:15.866 [main] DEBUG org.apache.poi.openxml4j.opc.PackageRelationshipCollection {36} - Parsing relationship: /xl/_rels/workbook.xml.rels
19:25:15.867 [main] DEBUG org.apache.poi.openxml4j.opc.PackageRelationshipCollection {36} - Parsing relationship: /xl/worksheets/_rels/sheet1.xml.rels
19:25:15.869 [main] DEBUG org.apache.poi.openxml4j.opc.PackageRelationshipCollection {36} - Parsing relationship: /_rels/.rels
19:25:15.885 [main] DEBUG org.apache.poi.ooxml.POIXMLFactory {36} - using default POIXMLDocumentPart for http://schemas.openxmlformats.org/officeDocument/2006/relationships/printerSettings
19:25:15.904 [main] DEBUG org.apache.poi.openxml4j.opc.PackageRelationshipCollection {36} - Parsing relationship: /xl/_rels/workbook.xml.rels
19:25:15.906 [main] DEBUG org.apache.poi.openxml4j.opc.PackageRelationshipCollection {36} - Parsing relationship: /xl/worksheets/_rels/sheet1.xml.rels
19:25:15.907 [main] DEBUG org.apache.poi.openxml4j.opc.PackageRelationshipCollection {36} - Parsing relationship: /_rels/.rels
19:25:15.925 [main] DEBUG org.apache.poi.ooxml.POIXMLFactory {36} - using default POIXMLDocumentPart for http://schemas.openxmlformats.org/officeDocument/2006/relationships/printerSettings
19:25:15.945 [main] DEBUG org.apache.poi.openxml4j.opc.PackageRelationshipCollection {36} - Parsing relationship: /xl/_rels/workbook.xml.rels
19:25:15.946 [main] DEBUG org.apache.poi.openxml4j.opc.PackageRelationshipCollection {36} - Parsing relationship: /xl/worksheets/_rels/sheet1.xml.rels
19:25:15.947 [main] DEBUG org.apache.poi.openxml4j.opc.PackageRelationshipCollection {36} - Parsing relationship: /_rels/.rels
19:25:15.971 [main] DEBUG org.apache.poi.ooxml.POIXMLFactory {36} - using default POIXMLDocumentPart for http://schemas.openxmlformats.org/officeDocument/2006/relationships/printerSettings
19:25:16.004 [main] DEBUG org.apache.poi.openxml4j.opc.PackageRelationshipCollection {36} - Parsing relationship: /xl/_rels/workbook.xml.rels
19:25:16.008 [main] DEBUG org.apache.poi.openxml4j.opc.PackageRelationshipCollection {36} - Parsing relationship: /xl/worksheets/_rels/sheet1.xml.rels
19:25:16.010 [main] DEBUG org.apache.poi.openxml4j.opc.PackageRelationshipCollection {36} - Parsing relationship: /_rels/.rels
19:25:16.029 [main] DEBUG org.apache.poi.ooxml.POIXMLFactory {36} - using default POIXMLDocumentPart for http://schemas.openxmlformats.org/officeDocument/2006/relationships/printerSettings
19:25:16.053 [main] DEBUG org.apache.poi.openxml4j.opc.PackageRelationshipCollection {36} - Parsing relationship: /xl/_rels/workbook.xml.rels
19:25:16.058 [main] DEBUG org.apache.poi.openxml4j.opc.PackageRelationshipCollection {36} - Parsing relationship: /xl/worksheets/_rels/sheet1.xml.rels
19:25:16.060 [main] DEBUG org.apache.poi.openxml4j.opc.PackageRelationshipCollection {36} - Parsing relationship: /_rels/.rels
19:25:16.076 [main] DEBUG org.apache.poi.ooxml.POIXMLFactory {36} - using default POIXMLDocumentPart for http://schemas.openxmlformats.org/officeDocument/2006/relationships/printerSettings
19:25:16.103 [main] DEBUG org.apache.poi.openxml4j.opc.PackageRelationshipCollection {36} - Parsing relationship: /xl/_rels/workbook.xml.rels
19:25:16.104 [main] DEBUG org.apache.poi.openxml4j.opc.PackageRelationshipCollection {36} - Parsing relationship: /xl/worksheets/_rels/sheet1.xml.rels
19:25:16.107 [main] DEBUG org.apache.poi.openxml4j.opc.PackageRelationshipCollection {36} - Parsing relationship: /_rels/.rels
19:25:16.123 [main] DEBUG org.apache.poi.ooxml.POIXMLFactory {36} - using default POIXMLDocumentPart for http://schemas.openxmlformats.org/officeDocument/2006/relationships/printerSettings
19:25:16.145 [main] DEBUG org.apache.poi.openxml4j.opc.PackageRelationshipCollection {36} - Parsing relationship: /xl/_rels/workbook.xml.rels
19:25:16.147 [main] DEBUG org.apache.poi.openxml4j.opc.PackageRelationshipCollection {36} - Parsing relationship: /xl/worksheets/_rels/sheet1.xml.rels
19:25:16.158 [main] DEBUG org.apache.poi.openxml4j.opc.PackageRelationshipCollection {36} - Parsing relationship: /_rels/.rels
19:25:16.174 [main] DEBUG org.apache.poi.ooxml.POIXMLFactory {36} - using default POIXMLDocumentPart for http://schemas.openxmlformats.org/officeDocument/2006/relationships/printerSettings
19:25:16.199 [main] DEBUG org.apache.poi.openxml4j.opc.PackageRelationshipCollection {36} - Parsing relationship: /xl/_rels/workbook.xml.rels
19:25:16.200 [main] DEBUG org.apache.poi.openxml4j.opc.PackageRelationshipCollection {36} - Parsing relationship: /xl/worksheets/_rels/sheet1.xml.rels
19:25:16.203 [main] DEBUG org.apache.poi.openxml4j.opc.PackageRelationshipCollection {36} - Parsing relationship: /_rels/.rels
19:25:16.229 [main] DEBUG org.apache.poi.ooxml.POIXMLFactory {36} - using default POIXMLDocumentPart for http://schemas.openxmlformats.org/officeDocument/2006/relationships/printerSettings
19:25:16.249 [main] DEBUG org.apache.poi.openxml4j.opc.PackageRelationshipCollection {36} - Parsing relationship: /xl/_rels/workbook.xml.rels
19:25:16.250 [main] DEBUG org.apache.poi.openxml4j.opc.PackageRelationshipCollection {36} - Parsing relationship: /xl/worksheets/_rels/sheet1.xml.rels
19:25:16.251 [main] DEBUG org.apache.poi.openxml4j.opc.PackageRelationshipCollection {36} - Parsing relationship: /_rels/.rels
19:25:16.267 [main] DEBUG org.apache.poi.ooxml.POIXMLFactory {36} - using default POIXMLDocumentPart for http://schemas.openxmlformats.org/officeDocument/2006/relationships/printerSettings
19:25:16.290 [main] DEBUG org.apache.poi.openxml4j.opc.PackageRelationshipCollection {36} - Parsing relationship: /xl/_rels/workbook.xml.rels
19:25:16.291 [main] DEBUG org.apache.poi.openxml4j.opc.PackageRelationshipCollection {36} - Parsing relationship: /xl/worksheets/_rels/sheet1.xml.rels
19:25:16.294 [main] DEBUG org.apache.poi.openxml4j.opc.PackageRelationshipCollection {36} - Parsing relationship: /_rels/.rels
19:25:16.311 [main] DEBUG org.apache.poi.ooxml.POIXMLFactory {36} - using default POIXMLDocumentPart for http://schemas.openxmlformats.org/officeDocument/2006/relationships/printerSettings
19:25:22.984 [main] DEBUG org.apache.poi.openxml4j.opc.PackageRelationshipCollection {36} - Parsing relationship: /xl/_rels/workbook.xml.rels
19:25:22.985 [main] DEBUG org.apache.poi.openxml4j.opc.PackageRelationshipCollection {36} - Parsing relationship: /xl/worksheets/_rels/sheet1.xml.rels
19:25:22.986 [main] DEBUG org.apache.poi.openxml4j.opc.PackageRelationshipCollection {36} - Parsing relationship: /_rels/.rels
19:25:22.997 [main] DEBUG org.apache.poi.ooxml.POIXMLFactory {36} - using default POIXMLDocumentPart for http://schemas.openxmlformats.org/officeDocument/2006/relationships/printerSettings
19:25:23.012 [main] DEBUG org.apache.poi.openxml4j.opc.PackageRelationshipCollection {36} - Parsing relationship: /xl/_rels/workbook.xml.rels
19:25:23.013 [main] DEBUG org.apache.poi.openxml4j.opc.PackageRelationshipCollection {36} - Parsing relationship: /xl/worksheets/_rels/sheet1.xml.rels
19:25:23.014 [main] DEBUG org.apache.poi.openxml4j.opc.PackageRelationshipCollection {36} - Parsing relationship: /_rels/.rels
19:25:23.024 [main] DEBUG org.apache.poi.ooxml.POIXMLFactory {36} - using default POIXMLDocumentPart for http://schemas.openxmlformats.org/officeDocument/2006/relationships/printerSettings
19:25:23.039 [main] DEBUG org.apache.poi.openxml4j.opc.PackageRelationshipCollection {36} - Parsing relationship: /xl/_rels/workbook.xml.rels
19:25:23.040 [main] DEBUG org.apache.poi.openxml4j.opc.PackageRelationshipCollection {36} - Parsing relationship: /xl/worksheets/_rels/sheet1.xml.rels
19:25:23.041 [main] DEBUG org.apache.poi.openxml4j.opc.PackageRelationshipCollection {36} - Parsing relationship: /_rels/.rels
19:25:23.053 [main] DEBUG org.apache.poi.ooxml.POIXMLFactory {36} - using default POIXMLDocumentPart for http://schemas.openxmlformats.org/officeDocument/2006/relationships/printerSettings
19:25:23.071 [main] DEBUG org.apache.poi.openxml4j.opc.PackageRelationshipCollection {36} - Parsing relationship: /xl/_rels/workbook.xml.rels
19:25:23.072 [main] DEBUG org.apache.poi.openxml4j.opc.PackageRelationshipCollection {36} - Parsing relationship: /xl/worksheets/_rels/sheet1.xml.rels
19:25:23.073 [main] DEBUG org.apache.poi.openxml4j.opc.PackageRelationshipCollection {36} - Parsing relationship: /_rels/.rels
19:25:23.084 [main] DEBUG org.apache.poi.ooxml.POIXMLFactory {36} - using default POIXMLDocumentPart for http://schemas.openxmlformats.org/officeDocument/2006/relationships/printerSettings
19:25:26.698 [main] INFO  api.test.UserTest {36} - ************* Creating User ************* 
19:25:27.910 [main] INFO  api.test.UserTest {36} - *************  User Created ************* 
19:25:27.910 [main] DEBUG api.test.UserTest {36} - Debuging....
19:25:27.911 [main] INFO  api.test.UserTest {36} - *************  Getting User by name ************* 
19:25:29.011 [main] INFO  api.test.UserTest {36} - *************  got the User by name ************* 
19:25:29.013 [main] INFO  api.test.UserTest {36} - *************  Updating the user by name ************* 
19:25:31.210 [main] INFO  api.test.UserTest {36} - *************  Updated the user by name ************* 
19:25:31.213 [main] INFO  api.test.UserTest {36} - *************  Deleting the user by name ************* 
19:25:32.341 [main] INFO  api.test.UserTest {36} - *************  Deleted the user by name ************* 
19:27:55.650 [main] INFO  api.test.UserTest2 {36} - ************* Creating User ************* 
19:27:59.827 [main] INFO  api.test.UserTest2 {36} - *************  User Created ************* 
19:27:59.827 [main] DEBUG api.test.UserTest2 {36} - Debuging....
19:27:59.853 [main] INFO  api.test.UserTest2 {36} - *************  Getting User by name ************* 
19:28:00.959 [main] INFO  api.test.UserTest2 {36} - *************  got the User by name ************* 
19:28:00.961 [main] INFO  api.test.UserTest2 {36} - *************  Updating the user by name ************* 
19:28:03.179 [main] INFO  api.test.UserTest2 {36} - *************  Updated the user by name ************* 
19:28:03.183 [main] INFO  api.test.UserTest2 {36} - *************  Deleting the user by name ************* 
19:28:04.273 [main] INFO  api.test.UserTest2 {36} - *************  Deleted the user by name ************* 
19:39:45.790 [main] INFO  api.test.UserTest2 {36} - ************* Creating User ************* 
19:39:49.897 [main] INFO  api.test.UserTest2 {36} - *************  User Created ************* 
19:39:49.897 [main] DEBUG api.test.UserTest2 {36} - Debuging....
19:39:49.921 [main] INFO  api.test.UserTest2 {36} - *************  Getting User by name ************* 
19:39:51.090 [main] INFO  api.test.UserTest2 {36} - *************  got the User by name ************* 
19:39:51.093 [main] INFO  api.test.UserTest2 {36} - *************  Updating the user by name ************* 
19:39:53.571 [main] INFO  api.test.UserTest2 {36} - *************  Updated the user by name ************* 
19:39:53.574 [main] INFO  api.test.UserTest2 {36} - *************  Deleting the user by name ************* 
19:39:54.671 [main] INFO  api.test.UserTest2 {36} - *************  Deleted the user by name ************* 
